C:\Program Files (x86)\Microsoft Visual Studio\2017\Community\Common7\IDE\VC\VCTargets\Microsoft.CppBuild.targets(391,5): warning MSB8028: The intermediate directory (obj\Win32\Debug\) contains files shared from another project (STALL.vcxproj).  This can lead to incorrect clean and rebuild behavior.
  main.cpp
  ofApp.cpp
  Info: Boost.Config is older than your compiler version - probably nothing bad will happen - but you may wish to look for an update Boost version.  Define BOOST_CONFIG_SUPPRESS_OUTDATED_MESSAGE to suppress this message.
  Info: Boost.Config is older than your compiler version - probably nothing bad will happen - but you may wish to look for an update Boost version.  Define BOOST_CONFIG_SUPPRESS_OUTDATED_MESSAGE to suppress this message.
g:\csprodevelopment\of_v0.11.2_vs2017_release\of_v0.11.2_vs2017_release\libs\openframeworks\utils\ofutils.h : warning C4819: The file contains a character that cannot be represented in the current code page (949). Save the file in Unicode format to prevent data loss (compiling source file src\ofApp.cpp)
g:\csprodevelopment\of_v0.11.2_vs2017_release\of_v0.11.2_vs2017_release\libs\openframeworks\utils\ofutils.h : warning C4819: The file contains a character that cannot be represented in the current code page (949). Save the file in Unicode format to prevent data loss (compiling source file src\main.cpp)
g:\csprodevelopment\of_v0.11.2_vs2017_release\of_v0.11.2_vs2017_release\libs\openframeworks\math\ofvec3f.h : warning C4819: The file contains a character that cannot be represented in the current code page (949). Save the file in Unicode format to prevent data loss (compiling source file src\main.cpp)
g:\csprodevelopment\of_v0.11.2_vs2017_release\of_v0.11.2_vs2017_release\libs\openframeworks\math\ofvec2f.h : warning C4819: The file contains a character that cannot be represented in the current code page (949). Save the file in Unicode format to prevent data loss (compiling source file src\main.cpp)
g:\csprodevelopment\of_v0.11.2_vs2017_release\of_v0.11.2_vs2017_release\libs\openframeworks\math\ofvec3f.h : warning C4819: The file contains a character that cannot be represented in the current code page (949). Save the file in Unicode format to prevent data loss (compiling source file src\ofApp.cpp)
g:\csprodevelopment\of_v0.11.2_vs2017_release\of_v0.11.2_vs2017_release\libs\openframeworks\math\ofvec2f.h : warning C4819: The file contains a character that cannot be represented in the current code page (949). Save the file in Unicode format to prevent data loss (compiling source file src\ofApp.cpp)
g:\csprodevelopment\of_v0.11.2_vs2017_release\of_v0.11.2_vs2017_release\apps\myapps\openframework-flight-simulator\src\aircraft.h(130): warning C4996: 'strcpy': This function or variable may be unsafe. Consider using strcpy_s instead. To disable deprecation, use _CRT_SECURE_NO_WARNINGS. See online help for details. (compiling source file src\ofApp.cpp)
  g:\windows kits\10\include\10.0.17763.0\ucrt\string.h(133): note: see declaration of 'strcpy' (compiling source file src\ofApp.cpp)
g:\csprodevelopment\of_v0.11.2_vs2017_release\of_v0.11.2_vs2017_release\apps\myapps\openframework-flight-simulator\src\aircraft.h(131): warning C4996: 'strcpy': This function or variable may be unsafe. Consider using strcpy_s instead. To disable deprecation, use _CRT_SECURE_NO_WARNINGS. See online help for details. (compiling source file src\ofApp.cpp)
  g:\windows kits\10\include\10.0.17763.0\ucrt\string.h(133): note: see declaration of 'strcpy' (compiling source file src\ofApp.cpp)
g:\csprodevelopment\of_v0.11.2_vs2017_release\of_v0.11.2_vs2017_release\apps\myapps\openframework-flight-simulator\src\aircraft.h(212): warning C4996: 'ofRotate': Use ofRotateDeg or ofRotateRad (compiling source file src\ofApp.cpp)
  g:\csprodevelopment\of_v0.11.2_vs2017_release\of_v0.11.2_vs2017_release\libs\openframeworks\graphics\ofgraphics.h(1008): note: see declaration of 'ofRotate' (compiling source file src\ofApp.cpp)
g:\csprodevelopment\of_v0.11.2_vs2017_release\of_v0.11.2_vs2017_release\apps\myapps\openframework-flight-simulator\src\ofapp.cpp(269): warning C4996: 'strcpy': This function or variable may be unsafe. Consider using strcpy_s instead. To disable deprecation, use _CRT_SECURE_NO_WARNINGS. See online help for details.
  g:\windows kits\10\include\10.0.17763.0\ucrt\string.h(133): note: see declaration of 'strcpy'
g:\csprodevelopment\of_v0.11.2_vs2017_release\of_v0.11.2_vs2017_release\apps\myapps\openframework-flight-simulator\src\ofapp.cpp(274): warning C4996: 'strcpy': This function or variable may be unsafe. Consider using strcpy_s instead. To disable deprecation, use _CRT_SECURE_NO_WARNINGS. See online help for details.
  g:\windows kits\10\include\10.0.17763.0\ucrt\string.h(133): note: see declaration of 'strcpy'
g:\csprodevelopment\of_v0.11.2_vs2017_release\of_v0.11.2_vs2017_release\apps\myapps\openframework-flight-simulator\src\ofapp.cpp(279): warning C4996: 'strcpy': This function or variable may be unsafe. Consider using strcpy_s instead. To disable deprecation, use _CRT_SECURE_NO_WARNINGS. See online help for details.
  g:\windows kits\10\include\10.0.17763.0\ucrt\string.h(133): note: see declaration of 'strcpy'
g:\csprodevelopment\of_v0.11.2_vs2017_release\of_v0.11.2_vs2017_release\apps\myapps\openframework-flight-simulator\src\ofapp.cpp(284): warning C4996: 'strcpy': This function or variable may be unsafe. Consider using strcpy_s instead. To disable deprecation, use _CRT_SECURE_NO_WARNINGS. See online help for details.
  g:\windows kits\10\include\10.0.17763.0\ucrt\string.h(133): note: see declaration of 'strcpy'
g:\csprodevelopment\of_v0.11.2_vs2017_release\of_v0.11.2_vs2017_release\apps\myapps\openframework-flight-simulator\src\aircraft.h(130): warning C4996: 'strcpy': This function or variable may be unsafe. Consider using strcpy_s instead. To disable deprecation, use _CRT_SECURE_NO_WARNINGS. See online help for details. (compiling source file src\main.cpp)
  g:\windows kits\10\include\10.0.17763.0\ucrt\string.h(133): note: see declaration of 'strcpy' (compiling source file src\main.cpp)
g:\csprodevelopment\of_v0.11.2_vs2017_release\of_v0.11.2_vs2017_release\apps\myapps\openframework-flight-simulator\src\aircraft.h(131): warning C4996: 'strcpy': This function or variable may be unsafe. Consider using strcpy_s instead. To disable deprecation, use _CRT_SECURE_NO_WARNINGS. See online help for details. (compiling source file src\main.cpp)
  g:\windows kits\10\include\10.0.17763.0\ucrt\string.h(133): note: see declaration of 'strcpy' (compiling source file src\main.cpp)
g:\csprodevelopment\of_v0.11.2_vs2017_release\of_v0.11.2_vs2017_release\apps\myapps\openframework-flight-simulator\src\aircraft.h(212): warning C4996: 'ofRotate': Use ofRotateDeg or ofRotateRad (compiling source file src\main.cpp)
  g:\csprodevelopment\of_v0.11.2_vs2017_release\of_v0.11.2_vs2017_release\libs\openframeworks\graphics\ofgraphics.h(1008): note: see declaration of 'ofRotate' (compiling source file src\main.cpp)
  STALL.vcxproj -> G:\csproDevelopment\of_v0.11.2_vs2017_release\of_v0.11.2_vs2017_release\apps\myApps\openframework-flight-simulator\bin\flightSim_debug.exe
  
  	                   2	G:\csproDevelopment\of_v0.11.2_vs2017_release\of_v0.11.2_vs2017_release\libs\fmod\lib\vs\Win32\
  	  *추가 파일  		 6018560	G:\csproDevelopment\of_v0.11.2_vs2017_release\of_v0.11.2_vs2017_release\apps\myApps\openframework-flight-simulator\bin\FreeImage.dll
  
  	                   1	G:\csproDevelopment\of_v0.11.2_vs2017_release\of_v0.11.2_vs2017_release\libs\FreeImage\lib\vs\Win32\
  	  *추가 파일  		 1544704	G:\csproDevelopment\of_v0.11.2_vs2017_release\of_v0.11.2_vs2017_release\apps\myApps\openframework-flight-simulator\bin\fmod.dll
  	  *추가 파일  		 1733120	G:\csproDevelopment\of_v0.11.2_vs2017_release\of_v0.11.2_vs2017_release\apps\myApps\openframework-flight-simulator\bin\fmodL.dll
